<?xml version="1.0" encoding="UTF-8"?>
<testng-results ignored="0" total="1" passed="1" failed="0" skipped="0">
  <reporter-output>
  </reporter-output>
  <suite started-at="2023-12-09T14:49:43Z" name="InetBankingV1" finished-at="2023-12-09T14:50:05Z" duration-ms="21519">
    <groups>
    </groups>
    <test started-at="2023-12-09T14:49:43Z" name="BankingApp Test" finished-at="2023-12-09T14:50:05Z" duration-ms="21519">
      <class name="com.inetBanking.testCases.TC_LoginDDT_002">
        <test-method is-config="true" signature="setup(java.lang.String)[pri:0, instance:com.inetBanking.testCases.TC_LoginDDT_002@3b94d659]" started-at="2023-12-09T14:49:43Z" name="setup" finished-at="2023-12-09T14:49:53Z" duration-ms="9854" status="PASS">
          <params>
            <param index="0">
              <value>
                <![CDATA[chrome]]>
              </value>
            </param>
          </params>
          <reporter-output>
          </reporter-output>
        </test-method> <!-- setup -->
        <test-method signature="loginDDT(java.lang.String, java.lang.String)[pri:0, instance:com.inetBanking.testCases.TC_LoginDDT_002@3b94d659]" started-at="2023-12-09T14:49:54Z" name="loginDDT" data-provider="LoginData" finished-at="2023-12-09T14:50:04Z" duration-ms="10190" status="PASS">
          <params>
            <param index="0">
              <value>
                <![CDATA[mngr541960]]>
              </value>
            </param>
            <param index="1">
              <value>
                <![CDATA[erubaqe]]>
              </value>
            </param>
          </params>
          <reporter-output>
          </reporter-output>
        </test-method> <!-- loginDDT -->
        <test-method is-config="true" signature="tearDown()[pri:0, instance:com.inetBanking.testCases.TC_LoginDDT_002@3b94d659]" started-at="2023-12-09T14:50:04Z" name="tearDown" finished-at="2023-12-09T14:50:05Z" duration-ms="292" status="PASS">
          <reporter-output>
          </reporter-output>
        </test-method> <!-- tearDown -->
      </class> <!-- com.inetBanking.testCases.TC_LoginDDT_002 -->
    </test> <!-- BankingApp Test -->
  </suite> <!-- InetBankingV1 -->
</testng-results>
